<?xml version="1.0" encoding="UTF-8"?>
<!-- Generated by org.testng.reporters.JUnitReportReporter -->
<testsuite hostname="DESKTOP-EQ2PC9T" failures="0" tests="1" name="testCase.VerifyEbaySearchBoxExist" time="0.780" errors="0" timestamp="26 Jun 2021 04:42:45 GMT" skipped="0">
  <testcase classname="testCase.VerifyEbaySearchBoxExist" name="test_VerifyEbaySearchBoxExist" time="0.780"/>
</testsuite> <!-- testCase.VerifyEbaySearchBoxExist -->
