<?xml version="1.0" encoding="UTF-8"?>
<!-- Generated by org.testng.reporters.JUnitReportReporter -->
<testsuite hostname="DESKTOP-EQ2PC9T" failures="0" tests="1" name="testCase.VerifyEbayPetSuppliesCount" time="9.448" errors="0" timestamp="26 Jun 2021 04:42:45 GMT" skipped="0">
  <testcase classname="testCase.VerifyEbayPetSuppliesCount" name="test_VerifyEbayPetSuppliesCount" time="9.448"/>
</testsuite> <!-- testCase.VerifyEbayPetSuppliesCount -->
